Caluc/Temp/gradleOut/launcher/build/intermediates/manifest_merge_blame_file/release/manifest-merger-blame-release-report.txt
1<?xml version="1.0" encoding="utf-8"?>
2<!-- GENERATED BY UNITY. REMOVE THIS COMMENT TO PREVENT OVERWRITING WHEN EXPORTING AGAIN -->
3<manifest xmlns:android="http://schemas.android.com/apk/res/android"
4    package="com.qianxun.helperAI"
5    android:installLocation="preferExternal"
6    android:versionCode="1"
7    android:versionName="0.1" >
8
9    <uses-sdk
10        android:minSdkVersion="19"
10-->src\main\AndroidManifest.xml
11        android:targetSdkVersion="28" />
11-->src\main\AndroidManifest.xml
12
13    <supports-screens
13-->src\main\AndroidManifest.xml:4:3-163
14        android:anyDensity="true"
14-->src\main\AndroidManifest.xml:4:135-160
15        android:largeScreens="true"
15-->src\main\AndroidManifest.xml:4:78-105
16        android:normalScreens="true"
16-->src\main\AndroidManifest.xml:4:49-77
17        android:smallScreens="true"
17-->src\main\AndroidManifest.xml:4:21-48
18        android:xlargeScreens="true" />
18-->src\main\AndroidManifest.xml:4:106-134
19
20    <uses-feature android:glEsVersion="0x00020000" />
20-->[:unityLibrary] AndroidManifest.xml:13:5-54
20-->[:unityLibrary] AndroidManifest.xml:13:19-51
21
22    <uses-permission android:name="android.permission.INTERNET" />
22-->[:unityLibrary] AndroidManifest.xml:15:5-67
22-->[:unityLibrary] AndroidManifest.xml:15:22-64
23    <uses-permission android:name="android.permission.CAMERA" />
23-->[:unityLibrary] AndroidManifest.xml:16:5-65
23-->[:unityLibrary] AndroidManifest.xml:16:22-62
24
25    <uses-feature
25-->[:unityLibrary] AndroidManifest.xml:18:5-20:36
26        android:name="android.hardware.camera"
26-->[:unityLibrary] AndroidManifest.xml:19:9-47
27        android:required="false" />
27-->[:unityLibrary] AndroidManifest.xml:20:9-33
28    <uses-feature
28-->[:unityLibrary] AndroidManifest.xml:21:5-23:36
29        android:name="android.hardware.camera.autofocus"
29-->[:unityLibrary] AndroidManifest.xml:22:9-57
30        android:required="false" />
30-->[:unityLibrary] AndroidManifest.xml:23:9-33
31    <uses-feature
31-->[:unityLibrary] AndroidManifest.xml:24:5-26:36
32        android:name="android.hardware.camera.front"
32-->[:unityLibrary] AndroidManifest.xml:25:9-53
33        android:required="false" />
33-->[:unityLibrary] AndroidManifest.xml:26:9-33
34    <uses-feature
34-->[:unityLibrary] AndroidManifest.xml:27:5-29:36
35        android:name="android.hardware.touchscreen"
35-->[:unityLibrary] AndroidManifest.xml:28:9-52
36        android:required="false" />
36-->[:unityLibrary] AndroidManifest.xml:29:9-33
37    <uses-feature
37-->[:unityLibrary] AndroidManifest.xml:30:5-32:36
38        android:name="android.hardware.touchscreen.multitouch"
38-->[:unityLibrary] AndroidManifest.xml:31:9-63
39        android:required="false" />
39-->[:unityLibrary] AndroidManifest.xml:32:9-33
40    <uses-feature
40-->[:unityLibrary] AndroidManifest.xml:33:5-35:36
41        android:name="android.hardware.touchscreen.multitouch.distinct"
41-->[:unityLibrary] AndroidManifest.xml:34:9-72
42        android:required="false" />
42-->[:unityLibrary] AndroidManifest.xml:35:9-33
43
44    <uses-permission android:name="android.permission.ACCESS_NETWORK_STATE" />
44-->[:UnityAds:] AndroidManifest.xml:11:5-79
44-->[:UnityAds:] AndroidManifest.xml:11:22-76
45
46    <application
46-->src\main\AndroidManifest.xml:5:3-116
47        android:extractNativeLibs="true"
47-->src\main\AndroidManifest.xml:5:16-48
48        android:icon="@mipmap/app_icon"
48-->src\main\AndroidManifest.xml:5:82-113
49        android:label="@string/app_name" >
49-->src\main\AndroidManifest.xml:5:49-81
50        <activity
50-->[:unityLibrary] AndroidManifest.xml:38:9-54:20
51            android:name="com.unity3d.player.UnityPlayerActivity"
51-->[:unityLibrary] AndroidManifest.xml:39:13-66
52            android:configChanges="mcc|mnc|locale|touchscreen|keyboard|keyboardHidden|navigation|orientation|screenLayout|uiMode|screenSize|smallestScreenSize|fontScale|layoutDirection|density"
52-->[:unityLibrary] AndroidManifest.xml:40:13-194
53            android:hardwareAccelerated="false"
53-->[:unityLibrary] AndroidManifest.xml:41:13-48
54            android:launchMode="singleTask"
54-->[:unityLibrary] AndroidManifest.xml:42:13-44
55            android:screenOrientation="fullSensor"
55-->[:unityLibrary] AndroidManifest.xml:43:13-51
56            android:theme="@style/UnityThemeSelector" >
56-->[:unityLibrary] AndroidManifest.xml:44:13-54
57            <intent-filter>
57-->[:unityLibrary] AndroidManifest.xml:45:13-49:29
58                <action android:name="android.intent.action.MAIN" />
58-->[:unityLibrary] AndroidManifest.xml:46:17-69
58-->[:unityLibrary] AndroidManifest.xml:46:25-66
59
60                <category android:name="android.intent.category.LAUNCHER" />
60-->[:unityLibrary] AndroidManifest.xml:48:17-77
60-->[:unityLibrary] AndroidManifest.xml:48:27-74
61            </intent-filter>
62
63            <meta-data
63-->[:unityLibrary] AndroidManifest.xml:51:13-53:40
64                android:name="unityplayer.UnityActivity"
64-->[:unityLibrary] AndroidManifest.xml:52:17-57
65                android:value="true" />
65-->[:unityLibrary] AndroidManifest.xml:53:17-37
66        </activity>
67
68        <meta-data
68-->[:unityLibrary] AndroidManifest.xml:56:9-58:33
69            android:name="unity.splash-mode"
69-->[:unityLibrary] AndroidManifest.xml:57:13-45
70            android:value="2" />
70-->[:unityLibrary] AndroidManifest.xml:58:13-30
71        <meta-data
71-->[:unityLibrary] AndroidManifest.xml:59:9-61:36
72            android:name="unity.splash-enable"
72-->[:unityLibrary] AndroidManifest.xml:60:13-47
73            android:value="True" />
73-->[:unityLibrary] AndroidManifest.xml:61:13-33
74        <meta-data
74-->[:unityLibrary] AndroidManifest.xml:62:9-64:68
75            android:name="unity.build-id"
75-->[:unityLibrary] AndroidManifest.xml:63:13-42
76            android:value="a92a77e9-c840-4efd-9d16-888ec137d5c3" />
76-->[:unityLibrary] AndroidManifest.xml:64:13-65
77
78        <activity
78-->[:UnityAds:] AndroidManifest.xml:15:9-19:74
79            android:name="com.unity3d.services.ads.adunit.AdUnitActivity"
79-->[:UnityAds:] AndroidManifest.xml:16:13-74
80            android:configChanges="fontScale|keyboard|keyboardHidden|locale|mnc|mcc|navigation|orientation|screenLayout|screenSize|smallestScreenSize|uiMode|touchscreen"
80-->[:UnityAds:] AndroidManifest.xml:17:13-170
81            android:hardwareAccelerated="true"
81-->[:UnityAds:] AndroidManifest.xml:18:13-47
82            android:theme="@android:style/Theme.NoTitleBar.Fullscreen" />
82-->[:UnityAds:] AndroidManifest.xml:19:13-71
83        <activity
83-->[:UnityAds:] AndroidManifest.xml:20:9-24:86
84            android:name="com.unity3d.services.ads.adunit.AdUnitTransparentActivity"
84-->[:UnityAds:] AndroidManifest.xml:21:13-85
85            android:configChanges="fontScale|keyboard|keyboardHidden|locale|mnc|mcc|navigation|orientation|screenLayout|screenSize|smallestScreenSize|uiMode|touchscreen"
85-->[:UnityAds:] AndroidManifest.xml:22:13-170
86            android:hardwareAccelerated="true"
86-->[:UnityAds:] AndroidManifest.xml:23:13-47
87            android:theme="@android:style/Theme.Translucent.NoTitleBar.Fullscreen" />
87-->[:UnityAds:] AndroidManifest.xml:24:13-83
88        <activity
88-->[:UnityAds:] AndroidManifest.xml:25:9-29:86
89            android:name="com.unity3d.services.ads.adunit.AdUnitTransparentSoftwareActivity"
89-->[:UnityAds:] AndroidManifest.xml:26:13-93
90            android:configChanges="fontScale|keyboard|keyboardHidden|locale|mnc|mcc|navigation|orientation|screenLayout|screenSize|smallestScreenSize|uiMode|touchscreen"
90-->[:UnityAds:] AndroidManifest.xml:27:13-170
91            android:hardwareAccelerated="false"
91-->[:UnityAds:] AndroidManifest.xml:28:13-48
92            android:theme="@android:style/Theme.Translucent.NoTitleBar.Fullscreen" />
92-->[:UnityAds:] AndroidManifest.xml:29:13-83
93        <activity
93-->[:UnityAds:] AndroidManifest.xml:30:9-34:74
94            android:name="com.unity3d.services.ads.adunit.AdUnitSoftwareActivity"
94-->[:UnityAds:] AndroidManifest.xml:31:13-82
95            android:configChanges="fontScale|keyboard|keyboardHidden|locale|mnc|mcc|navigation|orientation|screenLayout|screenSize|smallestScreenSize|uiMode|touchscreen"
95-->[:UnityAds:] AndroidManifest.xml:32:13-170
96            android:hardwareAccelerated="false"
96-->[:UnityAds:] AndroidManifest.xml:33:13-48
97            android:theme="@android:style/Theme.NoTitleBar.Fullscreen" />
97-->[:UnityAds:] AndroidManifest.xml:34:13-71
98    </application>
99
100</manifest>